<?xml version="1.0" encoding="UTF-8"?>
<testsuite name="Regression Test"
           tests="2"
           failures="0"
           errors="0"
           skipped="0"
           time="15.550">
  <properties />
  
  
            <testcase name="verifyUserShouldNavigateToCellPhonesPageSuccessfully" time="0.900" classname="com.nopcommerce.demo.testsuite.CellPhonesPageTest" />
                <testcase name="verifyThatTheProductAddedSuccessfullyAndPlaceOrderSuccessfully" time="14.650" classname="com.nopcommerce.demo.testsuite.CellPhonesPageTest" />
      
</testsuite>
