<?xml version="1.0" encoding="UTF-8"?>
<testsuite name="Regression Test"
           tests="2"
           failures="0"
           errors="0"
           skipped="0"
           time="14.153">
  <properties />
  
  
            <testcase name="verifyProductArrangeInAlphabeticalOrder" time="1.306" classname="com.nopcommerce.demo.testsuite.DesktopPageTest" />
                <testcase name="verifyProductAddedToShoppingCartSuccessFully" time="12.847" classname="com.nopcommerce.demo.testsuite.DesktopPageTest" />
      
</testsuite>
